Android/TUIKit/TUICommunity/tuicommunity/build/intermediates/manifest_merge_blame_file/debug/manifest-merger-blame-debug-report.txt
1<?xml version="1.0" encoding="utf-8"?>
2<manifest xmlns:android="http://schemas.android.com/apk/res/android"
3    package="com.tencent.qcloud.tuikit.tuicommunity" >
4
5    <uses-sdk
6        android:minSdkVersion="19"
6-->src/main/AndroidManifest.xml
7        android:targetSdkVersion="30" />
7-->src/main/AndroidManifest.xml
8
9    <application>
9-->src/main/AndroidManifest.xml:4:5-39:19
10        <activity
10-->src/main/AndroidManifest.xml:5:9-9:40
11            android:name="com.tencent.qcloud.tuikit.tuicommunity.ui.page.TopicInfoActivity"
11-->src/main/AndroidManifest.xml:6:13-92
12            android:exported="false"
12-->src/main/AndroidManifest.xml:9:13-37
13            android:screenOrientation="portrait"
13-->src/main/AndroidManifest.xml:7:13-49
14            android:windowSoftInputMode="adjustResize|stateHidden" />
14-->src/main/AndroidManifest.xml:8:13-67
15        <activity
15-->src/main/AndroidManifest.xml:10:9-14:40
16            android:name="com.tencent.qcloud.tuikit.tuicommunity.ui.page.CommunitySettingsActivity"
16-->src/main/AndroidManifest.xml:11:13-100
17            android:exported="false"
17-->src/main/AndroidManifest.xml:14:13-37
18            android:screenOrientation="portrait"
18-->src/main/AndroidManifest.xml:13:13-49
19            android:windowSoftInputMode="adjustResize|stateHidden" />
19-->src/main/AndroidManifest.xml:12:13-67
20        <activity
20-->src/main/AndroidManifest.xml:15:9-19:40
21            android:name="com.tencent.qcloud.tuikit.tuicommunity.ui.page.CreateTopicActivity"
21-->src/main/AndroidManifest.xml:16:13-94
22            android:exported="false"
22-->src/main/AndroidManifest.xml:19:13-37
23            android:screenOrientation="portrait"
23-->src/main/AndroidManifest.xml:18:13-49
24            android:windowSoftInputMode="adjustResize|stateHidden" />
24-->src/main/AndroidManifest.xml:17:13-67
25        <activity
25-->src/main/AndroidManifest.xml:21:9-25:40
26            android:name="com.tencent.qcloud.tuikit.tuicommunity.ui.page.CommunityMemberActivity"
26-->src/main/AndroidManifest.xml:22:13-98
27            android:exported="false"
27-->src/main/AndroidManifest.xml:25:13-37
28            android:screenOrientation="portrait"
28-->src/main/AndroidManifest.xml:24:13-49
29            android:windowSoftInputMode="adjustResize|stateHidden" />
29-->src/main/AndroidManifest.xml:23:13-67
30        <activity
30-->src/main/AndroidManifest.xml:27:9-31:40
31            android:name="com.tencent.qcloud.tuikit.tuicommunity.ui.page.JoinCommunityActivity"
31-->src/main/AndroidManifest.xml:28:13-96
32            android:exported="false"
32-->src/main/AndroidManifest.xml:31:13-37
33            android:screenOrientation="portrait"
33-->src/main/AndroidManifest.xml:30:13-49
34            android:windowSoftInputMode="adjustResize|stateHidden" />
34-->src/main/AndroidManifest.xml:29:13-67
35        <activity
35-->src/main/AndroidManifest.xml:33:9-37:40
36            android:name="com.tencent.qcloud.tuikit.tuicommunity.ui.page.CreateCommunityActivity"
36-->src/main/AndroidManifest.xml:34:13-98
37            android:exported="false"
37-->src/main/AndroidManifest.xml:37:13-37
38            android:screenOrientation="portrait"
38-->src/main/AndroidManifest.xml:36:13-49
39            android:windowSoftInputMode="adjustResize|stateHidden" />
39-->src/main/AndroidManifest.xml:35:13-67
40    </application>
41
42</manifest>